0 info it worked if it ends with ok
1 verbose cli [ '/usr/local/bin/node', '/usr/local/bin/npm', 'publish', '-f' ]
2 info using npm@3.3.12
3 info using node@v5.1.1
4 warn using --force I sure hope you know what you are doing.
5 verbose publish [ '.' ]
6 silly cache add args [ '.', null ]
7 verbose cache add spec .
8 silly cache add parsed spec Result {
8 silly cache add   raw: '.',
8 silly cache add   scope: null,
8 silly cache add   name: null,
8 silly cache add   rawSpec: '.',
8 silly cache add   spec: '/home/auine/develop/UTIDefinerRemover',
8 silly cache add   type: 'directory' }
9 verbose addLocalDirectory /home/auine/.npm/uti-definer-remover/0.0.4/package.tgz not in flight; packing
10 info lifecycle uti-definer-remover@0.0.4~prepublish: uti-definer-remover@0.0.4
11 silly lifecycle uti-definer-remover@0.0.4~prepublish: no script for prepublish, continuing
12 verbose tar pack [ '/home/auine/.npm/uti-definer-remover/0.0.4/package.tgz',
12 verbose tar pack   '/home/auine/develop/UTIDefinerRemover' ]
13 verbose tarball /home/auine/.npm/uti-definer-remover/0.0.4/package.tgz
14 verbose folder /home/auine/develop/UTIDefinerRemover
15 verbose addLocalTarball adding from inside cache /home/auine/.npm/uti-definer-remover/0.0.4/package.tgz
16 silly cache afterAdd uti-definer-remover@0.0.4
17 verbose afterAdd /home/auine/.npm/uti-definer-remover/0.0.4/package/package.json not in flight; writing
18 verbose afterAdd /home/auine/.npm/uti-definer-remover/0.0.4/package/package.json written
19 silly publish { name: 'uti-definer-remover',
19 silly publish   version: '0.0.4',
19 silly publish   description: 'This utility are used to remove DEFINER from exported SQL script',
19 silly publish   main: 'index.js',
19 silly publish   bin: { dremove: './bin/index.js' },
19 silly publish   scripts:
19 silly publish    { test: 'mocha --reporter nyan',
19 silly publish      build: 'babel src/lib -d lib && babel src/test -d test',
19 silly publish      install: 'npm run build' },
19 silly publish   repository:
19 silly publish    { type: 'git',
19 silly publish      url: 'https://github.com/DmitryAuine/MySQL-Definer-remover' },
19 silly publish   author: { name: 'Dmitry Olkhovoi' },
19 silly publish   license: 'MIT',
19 silly publish   dependencies:
19 silly publish    { byline: '^4.2.1',
19 silly publish      'cli-spinner': '^0.2.1',
19 silly publish      colors: '^1.1.2',
19 silly publish      minimist: '^1.2.0',
19 silly publish      'babel-core': '^6.3.2',
19 silly publish      'babel-preset-es2015': '^6.1.18' },
19 silly publish   devDependencies: { chai: '^3.4.1', mocha: '^2.3.4' },
19 silly publish   gitHead: '405c463571b5d9dba7c4ad545f82ff3c9a90cbf4',
19 silly publish   bugs: { url: 'https://github.com/DmitryAuine/MySQL-Definer-remover/issues' },
19 silly publish   readme: 'ERROR: No README data found!',
19 silly publish   homepage: 'https://github.com/DmitryAuine/MySQL-Definer-remover',
19 silly publish   _id: 'uti-definer-remover@0.0.4',
19 silly publish   _shasum: '5a8792d6cd7cb5364b1a83baca7fb25b7a6b7b74',
19 silly publish   _from: '.' }
20 verbose getPublishConfig undefined
21 silly mapToRegistry name uti-definer-remover
22 silly mapToRegistry using default registry
23 silly mapToRegistry registry https://registry.npmjs.org/
24 silly mapToRegistry uri https://registry.npmjs.org/uti-definer-remover
25 verbose publish registryBase https://registry.npmjs.org/
26 silly publish uploading /home/auine/.npm/uti-definer-remover/0.0.4/package.tgz
27 verbose request uri https://registry.npmjs.org/uti-definer-remover
28 verbose request sending authorization for write operation
29 info attempt registry request try #1 at 7:03:09 PM
30 verbose request using bearer token for auth
31 verbose request id 0e3bfeaf467fe904
32 http request PUT https://registry.npmjs.org/uti-definer-remover
33 http 403 https://registry.npmjs.org/uti-definer-remover
34 verbose headers { 'content-type': 'application/json',
34 verbose headers   'cache-control': 'max-age=60',
34 verbose headers   'content-length': '95',
34 verbose headers   'accept-ranges': 'bytes',
34 verbose headers   date: 'Sat, 05 Dec 2015 17:03:10 GMT',
34 verbose headers   via: '1.1 varnish',
34 verbose headers   connection: 'keep-alive',
34 verbose headers   'x-served-by': 'cache-fra1229-FRA',
34 verbose headers   'x-cache': 'MISS',
34 verbose headers   'x-cache-hits': '0',
34 verbose headers   'x-timer': 'S1449334989.383329,VS0,VE1123' }
35 verbose request invalidating /home/auine/.npm/registry.npmjs.org/uti-definer-remover on PUT
36 error publish Failed PUT 403
37 verbose stack Error: "You cannot publish over the previously published version 0.0.4." : uti-definer-remover
37 verbose stack     at makeError (/usr/local/lib/node_modules/npm/node_modules/npm-registry-client/lib/request.js:264:12)
37 verbose stack     at CachingRegistryClient.<anonymous> (/usr/local/lib/node_modules/npm/node_modules/npm-registry-client/lib/request.js:252:14)
37 verbose stack     at Request._callback (/usr/local/lib/node_modules/npm/node_modules/npm-registry-client/lib/request.js:172:14)
37 verbose stack     at Request.self.callback (/usr/local/lib/node_modules/npm/node_modules/request/request.js:198:22)
37 verbose stack     at emitTwo (events.js:87:13)
37 verbose stack     at Request.emit (events.js:172:7)
37 verbose stack     at Request.<anonymous> (/usr/local/lib/node_modules/npm/node_modules/request/request.js:1082:10)
37 verbose stack     at emitOne (events.js:82:20)
37 verbose stack     at Request.emit (events.js:169:7)
37 verbose stack     at IncomingMessage.<anonymous> (/usr/local/lib/node_modules/npm/node_modules/request/request.js:1009:12)
38 verbose statusCode 403
39 verbose pkgid uti-definer-remover
40 verbose cwd /home/auine/develop/UTIDefinerRemover
41 error Linux 3.19.0-28-generic
42 error argv "/usr/local/bin/node" "/usr/local/bin/npm" "publish" "-f"
43 error node v5.1.1
44 error npm  v3.3.12
45 error code E403
46 error "You cannot publish over the previously published version 0.0.4." : uti-definer-remover
47 error If you need help, you may report this error at:
47 error     <https://github.com/npm/npm/issues>
48 verbose exit [ 1, true ]
